This is pdfTeX, Version 3.14159265-2.6-1.40.16 (TeX Live 2015) (preloaded format=pdflatex 2015.5.24)  25 FEB 2018 23:30
entering extended mode
 restricted \write18 enabled.
 file:line:error style messages enabled.
 %&-line parsing enabled.
**puthesis_undergraduate.cls
(./puthesis_undergraduate.cls
LaTeX2e <2015/01/01>
Babel <3.9l> and hyphenation patterns for 79 languages loaded.

LaTeX Warning: You have requested package `',
               but the package provides `puthesis_undergraduate'.

Package: puthesis_undergraduate 2006/11/10 v1.0 Princeton University Undergradu
ate Thesis class
(/usr/local/texlive/2015/texmf-dist/tex/latex/setspace/setspace.sty
Package: setspace 2011/12/19 v6.7a set line spacing
)
\c@subyear=\count79

./puthesis_undergraduate.cls:143: Undefined control sequence.
l.143 ...oc}{section}{List of Tables}\listoftables
                                                  }}
? 
./puthesis_undergraduate.cls:143: Emergency stop.
l.143 ...oc}{section}{List of Tables}\listoftables
                                                  }}
End of file on the terminal!

 
Here is how much of TeX's memory you used:
 71 strings out of 493089
 1103 string characters out of 6134842
 53199 words of memory out of 5000000
 3650 multiletter control sequences out of 15000+600000
 3640 words of font info for 14 fonts, out of 8000000 for 9000
 1141 hyphenation exceptions out of 8191
 16i,0n,17p,150b,17s stack positions out of 5000i,500n,10000p,200000b,80000s
./puthesis_undergraduate.cls:143:  ==> Fatal error occurred, no output PDF file
 produced!
